Hmm ... looks like a package

This is pdfTeX, Version 3.1415926-2.5-1.40.14 (TeX Live 2013)
 restricted \write18 enabled.
entering extended mode

(/private/var/folders/q2/pkd6krhd6q3bp13hn95c16q80000gn/T/RtmpM2gueK/Rd2pdf3adf
26127b22/Rd2.tex
LaTeX2e <2011/06/27>
Babel <3.9h> and hyphenation patterns for 78 languages loaded.

(/usr/local/texlive/2013/texmf-dist/tex/latex/base/book.cls
Document Class: book 2007/10/19 v1.4h Standard LaTeX document class
(/usr/local/texlive/2013/texmf-dist/tex/latex/base/bk10.clo))
(/Library/Frameworks/R.framework/Resources/share/texmf/tex/latex/Rd.sty
(/usr/local/texlive/2013/texmf-dist/tex/latex/base/ifthen.sty)
(/usr/local/texlive/2013/texmf-dist/tex/latex/tools/longtable.sty)
(/usr/local/texlive/2013/texmf-dist/tex/latex/tools/bm.sty)
(/usr/local/texlive/2013/texmf-dist/tex/latex/base/alltt.sty)
(/usr/local/texlive/2013/texmf-dist/tex/latex/tools/verbatim.sty)
(/usr/local/texlive/2013/texmf-dist/tex/latex/url/url.sty)
(/usr/local/texlive/2013/texmf-dist/tex/latex/base/textcomp.sty
(/usr/local/texlive/2013/texmf-dist/tex/latex/base/ts1enc.def))
(/usr/local/texlive/2013/texmf-dist/tex/latex/base/fontenc.sty
(/usr/local/texlive/2013/texmf-dist/tex/latex/base/t1enc.def))
(/usr/local/texlive/2013/texmf-dist/tex/latex/psnfss/times.sty)
(/usr/local/texlive/2013/texmf-dist/tex/latex/inconsolata/inconsolata.sty
(/usr/local/texlive/2013/texmf-dist/tex/latex/graphics/keyval.sty))
(/usr/local/texlive/2013/texmf-dist/tex/latex/graphics/color.sty
(/usr/local/texlive/2013/texmf-dist/tex/latex/latexconfig/color.cfg)
(/usr/local/texlive/2013/texmf-dist/tex/latex/pdftex-def/pdftex.def
(/usr/local/texlive/2013/texmf-dist/tex/generic/oberdiek/infwarerr.sty)
(/usr/local/texlive/2013/texmf-dist/tex/generic/oberdiek/ltxcmds.sty)))
(/usr/local/texlive/2013/texmf-dist/tex/latex/hyperref/hyperref.sty
(/usr/local/texlive/2013/texmf-dist/tex/generic/oberdiek/hobsub-hyperref.sty
(/usr/local/texlive/2013/texmf-dist/tex/generic/oberdiek/hobsub-generic.sty))
(/usr/local/texlive/2013/texmf-dist/tex/generic/ifxetex/ifxetex.sty)
(/usr/local/texlive/2013/texmf-dist/tex/latex/oberdiek/auxhook.sty)
(/usr/local/texlive/2013/texmf-dist/tex/latex/oberdiek/kvoptions.sty)
(/usr/local/texlive/2013/texmf-dist/tex/latex/hyperref/pd1enc.def)
(/usr/local/texlive/2013/texmf-dist/tex/latex/latexconfig/hyperref.cfg))

Package hyperref Message: Driver (autodetected): hpdftex.

(/usr/local/texlive/2013/texmf-dist/tex/latex/hyperref/hpdftex.def
(/usr/local/texlive/2013/texmf-dist/tex/latex/oberdiek/rerunfilecheck.sty))

Package hyperref Warning: Option `hyperindex' has already been used,
(hyperref)                setting the option has no effect on input line 361.


Package hyperref Warning: Option `pagebackref' has already been used,
(hyperref)                setting the option has no effect on input line 361.

) (/usr/local/texlive/2013/texmf-dist/tex/latex/base/makeidx.sty)
(/usr/local/texlive/2013/texmf-dist/tex/latex/base/inputenc.sty
(/usr/local/texlive/2013/texmf-dist/tex/latex/base/utf8.def
(/usr/local/texlive/2013/texmf-dist/tex/latex/base/t1enc.dfu)
(/usr/local/texlive/2013/texmf-dist/tex/latex/base/ot1enc.dfu)
(/usr/local/texlive/2013/texmf-dist/tex/latex/base/omsenc.dfu)
(/usr/local/texlive/2013/texmf-dist/tex/latex/base/ts1enc.dfu))
(/usr/local/texlive/2013/texmf-dist/tex/latex/base/latin1.def))
Writing index file Rd2.idx
No file Rd2.aux.
(/usr/local/texlive/2013/texmf-dist/tex/latex/base/ts1cmr.fd)
(/usr/local/texlive/2013/texmf-dist/tex/latex/psnfss/t1ptm.fd)
(/usr/local/texlive/2013/texmf-dist/tex/latex/upquote/upquote.sty)
(/usr/local/texlive/2013/texmf-dist/tex/context/base/supp-pdf.mkii
[Loading MPS to PDF converter (version 2006.09.02).]
) (/usr/local/texlive/2013/texmf-dist/tex/latex/hyperref/nameref.sty
(/usr/local/texlive/2013/texmf-dist/tex/generic/oberdiek/gettitlestring.sty))
(/usr/local/texlive/2013/texmf-dist/tex/latex/inconsolata/t1zi4.fd)
(/usr/local/texlive/2013/texmf-dist/tex/latex/psnfss/t1phv.fd)
(/usr/local/texlive/2013/texmf-dist/tex/latex/base/utf8.def)
Overfull \vbox (22.37697pt too high) has occurred while \output is active
[1{/usr/local/texlive/2013/texmf-var/fonts/map/pdftex/updmap/pdftex.map}]
(/usr/local/texlive/2013/texmf-dist/tex/latex/base/utf8.def)
(/usr/local/texlive/2013/texmf-dist/tex/latex/inconsolata/ts1zi4.fd)
(/usr/local/texlive/2013/texmf-dist/tex/latex/base/utf8.def) [2]
(/usr/local/texlive/2013/texmf-dist/tex/latex/base/utf8.def)
(/usr/local/texlive/2013/texmf-dist/tex/latex/base/utf8.def) [3] [4]
(/usr/local/texlive/2013/texmf-dist/tex/latex/base/utf8.def)
Overfull \hbox (9.29887pt too wide) in paragraph at lines 319--321
[]\T1/ptm/m/n/10 Month from which to fore-cast from, as a date ob-ject e.g. \T1
/zi4/m/n/10 as.Date("2001-03-01") 
[5] (/usr/local/texlive/2013/texmf-dist/tex/latex/base/utf8.def)
(/usr/local/texlive/2013/texmf-dist/tex/latex/base/utf8.def) [6]
(/usr/local/texlive/2013/texmf-dist/tex/latex/base/utf8.def)
(/usr/local/texlive/2013/texmf-dist/tex/latex/base/utf8.def) [7]
(/usr/local/texlive/2013/texmf-dist/tex/latex/base/utf8.def) [8]
(/usr/local/texlive/2013/texmf-dist/tex/latex/base/utf8.def)
(/usr/local/texlive/2013/texmf-dist/tex/latex/base/utf8.def) [9]
(/usr/local/texlive/2013/texmf-dist/tex/latex/base/utf8.def) [10]
(/usr/local/texlive/2013/texmf-dist/tex/latex/base/utf8.def)
(/usr/local/texlive/2013/texmf-dist/tex/latex/base/utf8.def) [11]
(/usr/local/texlive/2013/texmf-dist/tex/latex/psnfss/ts1ptm.fd) [12]
(/usr/local/texlive/2013/texmf-dist/tex/latex/base/utf8.def)
(/usr/local/texlive/2013/texmf-dist/tex/latex/base/utf8.def) [13] [14]
(/usr/local/texlive/2013/texmf-dist/tex/latex/base/utf8.def) [15]
(/usr/local/texlive/2013/texmf-dist/tex/latex/base/utf8.def) [16]
No file Rd2.ind.
[17] (./Rd2.aux)

Package rerunfilecheck Warning: File `Rd2.out' has changed.
(rerunfilecheck)                Rerun to get outlines right
(rerunfilecheck)                or use package `bookmark'.

 )
(see the transcript file for additional information)pdfTeX warning (dest): name
{Rfn.summary} has been referenced but does not exist, replaced by a fixed one

pdfTeX warning (dest): name{Rfn.na.fail} has been referenced but does not exist
, replaced by a fixed one

pdfTeX warning (dest): name{Rfn.separationplot} has been referenced but does no
t exist, replaced by a fixed one

pdfTeX warning (dest): name{Rfn.lag} has been referenced but does not exist, re
placed by a fixed one

pdfTeX warning (dest): name{Rfn.plot} has been referenced but does not exist, r
eplaced by a fixed one

pdfTeX warning (dest): name{Rfn.class} has been referenced but does not exist, 
replaced by a fixed one

pdfTeX warning (dest): name{Rfn.Date} has been referenced but does not exist, r
eplaced by a fixed one

pdfTeX warning (dest): name{Rfn.BIC} has been referenced but does not exist, re
placed by a fixed one

{/usr/local/texlive/2013/texmf-dist/fonts/enc/dvips/inconsolata/i4-ts1.enc}{/us
r/local/texlive/2013/texmf-dist/fonts/enc/dvips/base/8r.enc}{/usr/local/texlive
/2013/texmf-dist/fonts/enc/dvips/inconsolata/i4-t1-0.enc}</usr/local/texlive/20
13/texmf-dist/fonts/type1/public/inconsolata/Inconsolata-zi4r.pfb></usr/local/t
exlive/2013/texmf-dist/fonts/type1/public/amsfonts/cm/cmmi10.pfb></usr/local/te
xlive/2013/texmf-dist/fonts/type1/public/amsfonts/cm/cmr10.pfb></usr/local/texl
ive/2013/texmf-dist/fonts/type1/public/amsfonts/cm/cmsy10.pfb></usr/local/texli
ve/2013/texmf-dist/fonts/type1/urw/helvetic/uhvr8a.pfb></usr/local/texlive/2013
/texmf-dist/fonts/type1/urw/times/utmb8a.pfb></usr/local/texlive/2013/texmf-dis
t/fonts/type1/urw/times/utmr8a.pfb></usr/local/texlive/2013/texmf-dist/fonts/ty
pe1/urw/times/utmr8a.pfb></usr/local/texlive/2013/texmf-dist/fonts/type1/urw/ti
mes/utmri8a.pfb>
Output written on Rd2.pdf (17 pages, 131762 bytes).
Transcript written on Rd2.log.
This is makeindex, version 2.15 [TeX Live 2013] (kpathsea + Thai support).
Scanning input file ./Rd2.idx....done (61 entries accepted, 0 rejected).
Sorting entries....done (366 comparisons).
Generating output file ./Rd2.ind....done (79 lines written, 1 warning).
Output written in ./Rd2.ind.
Transcript written in ./Rd2.ilg.
This is pdfTeX, Version 3.1415926-2.5-1.40.14 (TeX Live 2013)
 restricted \write18 enabled.
entering extended mode

(/private/var/folders/q2/pkd6krhd6q3bp13hn95c16q80000gn/T/RtmpM2gueK/Rd2pdf3adf
26127b22/Rd2.tex
LaTeX2e <2011/06/27>
Babel <3.9h> and hyphenation patterns for 78 languages loaded.

(/usr/local/texlive/2013/texmf-dist/tex/latex/base/book.cls
Document Class: book 2007/10/19 v1.4h Standard LaTeX document class
(/usr/local/texlive/2013/texmf-dist/tex/latex/base/bk10.clo))
(/Library/Frameworks/R.framework/Resources/share/texmf/tex/latex/Rd.sty
(/usr/local/texlive/2013/texmf-dist/tex/latex/base/ifthen.sty)
(/usr/local/texlive/2013/texmf-dist/tex/latex/tools/longtable.sty)
(/usr/local/texlive/2013/texmf-dist/tex/latex/tools/bm.sty)
(/usr/local/texlive/2013/texmf-dist/tex/latex/base/alltt.sty)
(/usr/local/texlive/2013/texmf-dist/tex/latex/tools/verbatim.sty)
(/usr/local/texlive/2013/texmf-dist/tex/latex/url/url.sty)
(/usr/local/texlive/2013/texmf-dist/tex/latex/base/textcomp.sty
(/usr/local/texlive/2013/texmf-dist/tex/latex/base/ts1enc.def))
(/usr/local/texlive/2013/texmf-dist/tex/latex/base/fontenc.sty
(/usr/local/texlive/2013/texmf-dist/tex/latex/base/t1enc.def))
(/usr/local/texlive/2013/texmf-dist/tex/latex/psnfss/times.sty)
(/usr/local/texlive/2013/texmf-dist/tex/latex/inconsolata/inconsolata.sty
(/usr/local/texlive/2013/texmf-dist/tex/latex/graphics/keyval.sty))
(/usr/local/texlive/2013/texmf-dist/tex/latex/graphics/color.sty
(/usr/local/texlive/2013/texmf-dist/tex/latex/latexconfig/color.cfg)
(/usr/local/texlive/2013/texmf-dist/tex/latex/pdftex-def/pdftex.def
(/usr/local/texlive/2013/texmf-dist/tex/generic/oberdiek/infwarerr.sty)
(/usr/local/texlive/2013/texmf-dist/tex/generic/oberdiek/ltxcmds.sty)))
(/usr/local/texlive/2013/texmf-dist/tex/latex/hyperref/hyperref.sty
(/usr/local/texlive/2013/texmf-dist/tex/generic/oberdiek/hobsub-hyperref.sty
(/usr/local/texlive/2013/texmf-dist/tex/generic/oberdiek/hobsub-generic.sty))
(/usr/local/texlive/2013/texmf-dist/tex/generic/ifxetex/ifxetex.sty)
(/usr/local/texlive/2013/texmf-dist/tex/latex/oberdiek/auxhook.sty)
(/usr/local/texlive/2013/texmf-dist/tex/latex/oberdiek/kvoptions.sty)
(/usr/local/texlive/2013/texmf-dist/tex/latex/hyperref/pd1enc.def)
(/usr/local/texlive/2013/texmf-dist/tex/latex/latexconfig/hyperref.cfg))

Package hyperref Message: Driver (autodetected): hpdftex.

(/usr/local/texlive/2013/texmf-dist/tex/latex/hyperref/hpdftex.def
(/usr/local/texlive/2013/texmf-dist/tex/latex/oberdiek/rerunfilecheck.sty))

Package hyperref Warning: Option `hyperindex' has already been used,
(hyperref)                setting the option has no effect on input line 361.


Package hyperref Warning: Option `pagebackref' has already been used,
(hyperref)                setting the option has no effect on input line 361.

) (/usr/local/texlive/2013/texmf-dist/tex/latex/base/makeidx.sty)
(/usr/local/texlive/2013/texmf-dist/tex/latex/base/inputenc.sty
(/usr/local/texlive/2013/texmf-dist/tex/latex/base/utf8.def
(/usr/local/texlive/2013/texmf-dist/tex/latex/base/t1enc.dfu)
(/usr/local/texlive/2013/texmf-dist/tex/latex/base/ot1enc.dfu)
(/usr/local/texlive/2013/texmf-dist/tex/latex/base/omsenc.dfu)
(/usr/local/texlive/2013/texmf-dist/tex/latex/base/ts1enc.dfu))
(/usr/local/texlive/2013/texmf-dist/tex/latex/base/latin1.def))
Writing index file Rd2.idx
(./Rd2.aux) (/usr/local/texlive/2013/texmf-dist/tex/latex/base/ts1cmr.fd)
(/usr/local/texlive/2013/texmf-dist/tex/latex/psnfss/t1ptm.fd)
(/usr/local/texlive/2013/texmf-dist/tex/latex/upquote/upquote.sty)
(/usr/local/texlive/2013/texmf-dist/tex/context/base/supp-pdf.mkii
[Loading MPS to PDF converter (version 2006.09.02).]
) (/usr/local/texlive/2013/texmf-dist/tex/latex/hyperref/nameref.sty
(/usr/local/texlive/2013/texmf-dist/tex/generic/oberdiek/gettitlestring.sty))
(./Rd2.out) (./Rd2.out)
(/usr/local/texlive/2013/texmf-dist/tex/latex/inconsolata/t1zi4.fd)
(/usr/local/texlive/2013/texmf-dist/tex/latex/psnfss/t1phv.fd) (./Rd2.toc)
(/usr/local/texlive/2013/texmf-dist/tex/latex/base/utf8.def) [1{/usr/local/texl
ive/2013/texmf-var/fonts/map/pdftex/updmap/pdftex.map}]
(/usr/local/texlive/2013/texmf-dist/tex/latex/base/utf8.def)
(/usr/local/texlive/2013/texmf-dist/tex/latex/inconsolata/ts1zi4.fd) [2]
(/usr/local/texlive/2013/texmf-dist/tex/latex/base/utf8.def)
(/usr/local/texlive/2013/texmf-dist/tex/latex/base/utf8.def) [3]
(/usr/local/texlive/2013/texmf-dist/tex/latex/base/utf8.def) [4] [5]
(/usr/local/texlive/2013/texmf-dist/tex/latex/base/utf8.def)
Overfull \hbox (9.29887pt too wide) in paragraph at lines 319--321
[]\T1/ptm/m/n/10 Month from which to fore-cast from, as a date ob-ject e.g. \T1
/zi4/m/n/10 as.Date("2001-03-01") 
(/usr/local/texlive/2013/texmf-dist/tex/latex/base/utf8.def) [6]
(/usr/local/texlive/2013/texmf-dist/tex/latex/base/utf8.def) [7]
(/usr/local/texlive/2013/texmf-dist/tex/latex/base/utf8.def)
(/usr/local/texlive/2013/texmf-dist/tex/latex/base/utf8.def) [8]
(/usr/local/texlive/2013/texmf-dist/tex/latex/base/utf8.def) [9]
(/usr/local/texlive/2013/texmf-dist/tex/latex/base/utf8.def)
(/usr/local/texlive/2013/texmf-dist/tex/latex/base/utf8.def) [10]
(/usr/local/texlive/2013/texmf-dist/tex/latex/base/utf8.def) [11]
(/usr/local/texlive/2013/texmf-dist/tex/latex/base/utf8.def)
(/usr/local/texlive/2013/texmf-dist/tex/latex/base/utf8.def) [12]
(/usr/local/texlive/2013/texmf-dist/tex/latex/psnfss/ts1ptm.fd) [13]
(/usr/local/texlive/2013/texmf-dist/tex/latex/base/utf8.def)
(/usr/local/texlive/2013/texmf-dist/tex/latex/base/utf8.def) [14] [15]
(/usr/local/texlive/2013/texmf-dist/tex/latex/base/utf8.def) [16]
(/usr/local/texlive/2013/texmf-dist/tex/latex/base/utf8.def) [17] (./Rd2.ind
[18]

LaTeX Font Warning: Font shape `T1/zi4/m/it' undefined
(Font)              using `T1/zi4/m/n' instead on input line 71.

[19]) (./Rd2.aux)

Package rerunfilecheck Warning: File `Rd2.out' has changed.
(rerunfilecheck)                Rerun to get outlines right
(rerunfilecheck)                or use package `bookmark'.


LaTeX Font Warning: Some font shapes were not available, defaults substituted.

 )
(see the transcript file for additional information)pdfTeX warning (dest): name
{Rfn.summary} has been referenced but does not exist, replaced by a fixed one

pdfTeX warning (dest): name{Rfn.na.fail} has been referenced but does not exist
, replaced by a fixed one

pdfTeX warning (dest): name{Rfn.separationplot} has been referenced but does no
t exist, replaced by a fixed one

pdfTeX warning (dest): name{Rfn.lag} has been referenced but does not exist, re
placed by a fixed one

pdfTeX warning (dest): name{Rfn.plot} has been referenced but does not exist, r
eplaced by a fixed one

pdfTeX warning (dest): name{Rfn.class} has been referenced but does not exist, 
replaced by a fixed one

pdfTeX warning (dest): name{Rfn.Date} has been referenced but does not exist, r
eplaced by a fixed one

pdfTeX warning (dest): name{Rfn.BIC} has been referenced but does not exist, re
placed by a fixed one

{/usr/local/texlive/2013/texmf-dist/fonts/enc/dvips/inconsolata/i4-ts1.enc}{/us
r/local/texlive/2013/texmf-dist/fonts/enc/dvips/base/8r.enc}{/usr/local/texlive
/2013/texmf-dist/fonts/enc/dvips/inconsolata/i4-t1-0.enc}</usr/local/texlive/20
13/texmf-dist/fonts/type1/public/inconsolata/Inconsolata-zi4r.pfb></usr/local/t
exlive/2013/texmf-dist/fonts/type1/public/amsfonts/cm/cmmi10.pfb></usr/local/te
xlive/2013/texmf-dist/fonts/type1/public/amsfonts/cm/cmr10.pfb></usr/local/texl
ive/2013/texmf-dist/fonts/type1/public/amsfonts/cm/cmsy10.pfb></usr/local/texli
ve/2013/texmf-dist/fonts/type1/urw/helvetic/uhvr8a.pfb></usr/local/texlive/2013
/texmf-dist/fonts/type1/urw/times/utmb8a.pfb></usr/local/texlive/2013/texmf-dis
t/fonts/type1/urw/times/utmr8a.pfb></usr/local/texlive/2013/texmf-dist/fonts/ty
pe1/urw/times/utmr8a.pfb></usr/local/texlive/2013/texmf-dist/fonts/type1/urw/ti
mes/utmri8a.pfb>
Output written on Rd2.pdf (19 pages, 137458 bytes).
Transcript written on Rd2.log.
This is makeindex, version 2.15 [TeX Live 2013] (kpathsea + Thai support).
Scanning input file ./Rd2.idx....done (61 entries accepted, 0 rejected).
Sorting entries....done (366 comparisons).
Generating output file ./Rd2.ind....done (79 lines written, 1 warning).
Output written in ./Rd2.ind.
Transcript written in ./Rd2.ilg.
This is pdfTeX, Version 3.1415926-2.5-1.40.14 (TeX Live 2013)
 restricted \write18 enabled.
entering extended mode

(/private/var/folders/q2/pkd6krhd6q3bp13hn95c16q80000gn/T/RtmpM2gueK/Rd2pdf3adf
26127b22/Rd2.tex
LaTeX2e <2011/06/27>
Babel <3.9h> and hyphenation patterns for 78 languages loaded.

(/usr/local/texlive/2013/texmf-dist/tex/latex/base/book.cls
Document Class: book 2007/10/19 v1.4h Standard LaTeX document class
(/usr/local/texlive/2013/texmf-dist/tex/latex/base/bk10.clo))
(/Library/Frameworks/R.framework/Resources/share/texmf/tex/latex/Rd.sty
(/usr/local/texlive/2013/texmf-dist/tex/latex/base/ifthen.sty)
(/usr/local/texlive/2013/texmf-dist/tex/latex/tools/longtable.sty)
(/usr/local/texlive/2013/texmf-dist/tex/latex/tools/bm.sty)
(/usr/local/texlive/2013/texmf-dist/tex/latex/base/alltt.sty)
(/usr/local/texlive/2013/texmf-dist/tex/latex/tools/verbatim.sty)
(/usr/local/texlive/2013/texmf-dist/tex/latex/url/url.sty)
(/usr/local/texlive/2013/texmf-dist/tex/latex/base/textcomp.sty
(/usr/local/texlive/2013/texmf-dist/tex/latex/base/ts1enc.def))
(/usr/local/texlive/2013/texmf-dist/tex/latex/base/fontenc.sty
(/usr/local/texlive/2013/texmf-dist/tex/latex/base/t1enc.def))
(/usr/local/texlive/2013/texmf-dist/tex/latex/psnfss/times.sty)
(/usr/local/texlive/2013/texmf-dist/tex/latex/inconsolata/inconsolata.sty
(/usr/local/texlive/2013/texmf-dist/tex/latex/graphics/keyval.sty))
(/usr/local/texlive/2013/texmf-dist/tex/latex/graphics/color.sty
(/usr/local/texlive/2013/texmf-dist/tex/latex/latexconfig/color.cfg)
(/usr/local/texlive/2013/texmf-dist/tex/latex/pdftex-def/pdftex.def
(/usr/local/texlive/2013/texmf-dist/tex/generic/oberdiek/infwarerr.sty)
(/usr/local/texlive/2013/texmf-dist/tex/generic/oberdiek/ltxcmds.sty)))
(/usr/local/texlive/2013/texmf-dist/tex/latex/hyperref/hyperref.sty
(/usr/local/texlive/2013/texmf-dist/tex/generic/oberdiek/hobsub-hyperref.sty
(/usr/local/texlive/2013/texmf-dist/tex/generic/oberdiek/hobsub-generic.sty))
(/usr/local/texlive/2013/texmf-dist/tex/generic/ifxetex/ifxetex.sty)
(/usr/local/texlive/2013/texmf-dist/tex/latex/oberdiek/auxhook.sty)
(/usr/local/texlive/2013/texmf-dist/tex/latex/oberdiek/kvoptions.sty)
(/usr/local/texlive/2013/texmf-dist/tex/latex/hyperref/pd1enc.def)
(/usr/local/texlive/2013/texmf-dist/tex/latex/latexconfig/hyperref.cfg))

Package hyperref Message: Driver (autodetected): hpdftex.

(/usr/local/texlive/2013/texmf-dist/tex/latex/hyperref/hpdftex.def
(/usr/local/texlive/2013/texmf-dist/tex/latex/oberdiek/rerunfilecheck.sty))

Package hyperref Warning: Option `hyperindex' has already been used,
(hyperref)                setting the option has no effect on input line 361.


Package hyperref Warning: Option `pagebackref' has already been used,
(hyperref)                setting the option has no effect on input line 361.

) (/usr/local/texlive/2013/texmf-dist/tex/latex/base/makeidx.sty)
(/usr/local/texlive/2013/texmf-dist/tex/latex/base/inputenc.sty
(/usr/local/texlive/2013/texmf-dist/tex/latex/base/utf8.def
(/usr/local/texlive/2013/texmf-dist/tex/latex/base/t1enc.dfu)
(/usr/local/texlive/2013/texmf-dist/tex/latex/base/ot1enc.dfu)
(/usr/local/texlive/2013/texmf-dist/tex/latex/base/omsenc.dfu)
(/usr/local/texlive/2013/texmf-dist/tex/latex/base/ts1enc.dfu))
(/usr/local/texlive/2013/texmf-dist/tex/latex/base/latin1.def))
Writing index file Rd2.idx
(./Rd2.aux) (/usr/local/texlive/2013/texmf-dist/tex/latex/base/ts1cmr.fd)
(/usr/local/texlive/2013/texmf-dist/tex/latex/psnfss/t1ptm.fd)
(/usr/local/texlive/2013/texmf-dist/tex/latex/upquote/upquote.sty)
(/usr/local/texlive/2013/texmf-dist/tex/context/base/supp-pdf.mkii
[Loading MPS to PDF converter (version 2006.09.02).]
) (/usr/local/texlive/2013/texmf-dist/tex/latex/hyperref/nameref.sty
(/usr/local/texlive/2013/texmf-dist/tex/generic/oberdiek/gettitlestring.sty))
(./Rd2.out) (./Rd2.out)
(/usr/local/texlive/2013/texmf-dist/tex/latex/inconsolata/t1zi4.fd)
(/usr/local/texlive/2013/texmf-dist/tex/latex/psnfss/t1phv.fd) (./Rd2.toc
[1{/usr/local/texlive/2013/texmf-var/fonts/map/pdftex/updmap/pdftex.map}])
(/usr/local/texlive/2013/texmf-dist/tex/latex/base/utf8.def)
(/usr/local/texlive/2013/texmf-dist/tex/latex/base/utf8.def)
(/usr/local/texlive/2013/texmf-dist/tex/latex/inconsolata/ts1zi4.fd) [2]
(/usr/local/texlive/2013/texmf-dist/tex/latex/base/utf8.def)
(/usr/local/texlive/2013/texmf-dist/tex/latex/base/utf8.def) [3]
(/usr/local/texlive/2013/texmf-dist/tex/latex/base/utf8.def) [4] [5]
(/usr/local/texlive/2013/texmf-dist/tex/latex/base/utf8.def)
Overfull \hbox (9.29887pt too wide) in paragraph at lines 319--321
[]\T1/ptm/m/n/10 Month from which to fore-cast from, as a date ob-ject e.g. \T1
/zi4/m/n/10 as.Date("2001-03-01") 
(/usr/local/texlive/2013/texmf-dist/tex/latex/base/utf8.def) [6]
(/usr/local/texlive/2013/texmf-dist/tex/latex/base/utf8.def) [7]
(/usr/local/texlive/2013/texmf-dist/tex/latex/base/utf8.def)
(/usr/local/texlive/2013/texmf-dist/tex/latex/base/utf8.def) [8]
(/usr/local/texlive/2013/texmf-dist/tex/latex/base/utf8.def) [9]
(/usr/local/texlive/2013/texmf-dist/tex/latex/base/utf8.def)
(/usr/local/texlive/2013/texmf-dist/tex/latex/base/utf8.def) [10]
(/usr/local/texlive/2013/texmf-dist/tex/latex/base/utf8.def) [11]
(/usr/local/texlive/2013/texmf-dist/tex/latex/base/utf8.def)
(/usr/local/texlive/2013/texmf-dist/tex/latex/base/utf8.def) [12]
(/usr/local/texlive/2013/texmf-dist/tex/latex/psnfss/ts1ptm.fd) [13]
(/usr/local/texlive/2013/texmf-dist/tex/latex/base/utf8.def)
(/usr/local/texlive/2013/texmf-dist/tex/latex/base/utf8.def) [14] [15]
(/usr/local/texlive/2013/texmf-dist/tex/latex/base/utf8.def) [16]
(/usr/local/texlive/2013/texmf-dist/tex/latex/base/utf8.def) [17] (./Rd2.ind
[18]

LaTeX Font Warning: Font shape `T1/zi4/m/it' undefined
(Font)              using `T1/zi4/m/n' instead on input line 71.

[19]) (./Rd2.aux)

LaTeX Font Warning: Some font shapes were not available, defaults substituted.

 )
(see the transcript file for additional information)pdfTeX warning (dest): name
{Rfn.summary} has been referenced but does not exist, replaced by a fixed one

pdfTeX warning (dest): name{Rfn.na.fail} has been referenced but does not exist
, replaced by a fixed one

pdfTeX warning (dest): name{Rfn.separationplot} has been referenced but does no
t exist, replaced by a fixed one

pdfTeX warning (dest): name{Rfn.lag} has been referenced but does not exist, re
placed by a fixed one

pdfTeX warning (dest): name{Rfn.plot} has been referenced but does not exist, r
eplaced by a fixed one

pdfTeX warning (dest): name{Rfn.class} has been referenced but does not exist, 
replaced by a fixed one

pdfTeX warning (dest): name{Rfn.Date} has been referenced but does not exist, r
eplaced by a fixed one

pdfTeX warning (dest): name{Rfn.BIC} has been referenced but does not exist, re
placed by a fixed one

{/usr/local/texlive/2013/texmf-dist/fonts/enc/dvips/inconsolata/i4-ts1.enc}{/us
r/local/texlive/2013/texmf-dist/fonts/enc/dvips/base/8r.enc}{/usr/local/texlive
/2013/texmf-dist/fonts/enc/dvips/inconsolata/i4-t1-0.enc}</usr/local/texlive/20
13/texmf-dist/fonts/type1/public/inconsolata/Inconsolata-zi4r.pfb></usr/local/t
exlive/2013/texmf-dist/fonts/type1/public/amsfonts/cm/cmmi10.pfb></usr/local/te
xlive/2013/texmf-dist/fonts/type1/public/amsfonts/cm/cmr10.pfb></usr/local/texl
ive/2013/texmf-dist/fonts/type1/public/amsfonts/cm/cmsy10.pfb></usr/local/texli
ve/2013/texmf-dist/fonts/type1/urw/helvetic/uhvr8a.pfb></usr/local/texlive/2013
/texmf-dist/fonts/type1/urw/times/utmb8a.pfb></usr/local/texlive/2013/texmf-dis
t/fonts/type1/urw/times/utmr8a.pfb></usr/local/texlive/2013/texmf-dist/fonts/ty
pe1/urw/times/utmr8a.pfb></usr/local/texlive/2013/texmf-dist/fonts/type1/urw/ti
mes/utmri8a.pfb>
Output written on Rd2.pdf (19 pages, 137875 bytes).
Transcript written on Rd2.log.
Saving output to 'spduration-manual.pdf' ...
Done
You may want to clean up by 'rm -rf /var/folders/q2/pkd6krhd6q3bp13hn95c16q80000gn/T//RtmpM2gueK/Rd2pdf3adf26127b22'
